<?xml version="1.0" encoding="UTF-8"?>
<testng-results ignored="0" total="1" passed="1" failed="0" skipped="0">
  <reporter-output>
  </reporter-output>
  <suite started-at="2021-04-15T14:08:25 IST" name="Suite" finished-at="2021-04-15T14:14:49 IST" duration-ms="384231">
    <groups>
      <group name="cucumber">
        <method signature="AbstractTestNGCucumberTests.feature(cucumber.api.testng.CucumberFeatureWrapper)[pri:0, instance:CucumberOptions.Testrunner@3427b02d]" name="feature" class="cucumber.api.testng.AbstractTestNGCucumberTests"/>
      </group> <!-- cucumber -->
    </groups>
    <test started-at="2021-04-15T14:08:25 IST" name="Cucumbertest" finished-at="2021-04-15T14:14:49 IST" duration-ms="384231">
      <class name="CucumberOptions.Testrunner">
        <test-method is-config="true" signature="setUpClass()[pri:0, instance:CucumberOptions.Testrunner@3427b02d]" started-at="2021-04-15T14:08:25 IST" name="setUpClass" finished-at="2021-04-15T14:08:26 IST" duration-ms="403" status="PASS">
          <reporter-output>
          </reporter-output>
        </test-method> <!-- setUpClass -->
        <test-method signature="feature(cucumber.api.testng.CucumberFeatureWrapper)[pri:0, instance:CucumberOptions.Testrunner@3427b02d]" started-at="2021-04-15T14:08:26 IST" name="feature" description="Runs Cucumber Feature" data-provider="features" finished-at="2021-04-15T14:14:49 IST" duration-ms="383649" status="PASS">
          <params>
            <param index="0">
              <value>
                <![CDATA[login into application]]>
              </value>
            </param>
          </params>
          <reporter-output>
          </reporter-output>
        </test-method> <!-- feature -->
        <test-method is-config="true" signature="tearDownClass()[pri:0, instance:CucumberOptions.Testrunner@3427b02d]" started-at="2021-04-15T14:14:49 IST" name="tearDownClass" finished-at="2021-04-15T14:14:49 IST" duration-ms="11" status="PASS">
          <reporter-output>
          </reporter-output>
        </test-method> <!-- tearDownClass -->
      </class> <!-- CucumberOptions.Testrunner -->
    </test> <!-- Cucumbertest -->
  </suite> <!-- Suite -->
</testng-results>
